# JRE version: OpenJDK Runtime Environment Temurin-21.0.7+6 (21.0.7+6) (build 21.0.7+6-LTS)
# Java VM: OpenJDK 64-Bit Server VM Temurin-21.0.7+6 (21.0.7+6-LTS, mixed mode, sharing, tiered, compressed oops, compressed class ptrs, parallel gc, windows-amd64)
GC Precious Log:
 CardTable entry size: 512
 CPUs: 16 total, 16 available
 Memory: 15556M
 Large Page Support: Disabled
 NUMA Support: Disabled
 Compressed Oops: Enabled (32-bit)
 Alignments: Space 512K, Generation 512K, Heap 2M
 Heap Min Capacity: 100M
 Heap Initial Capacity: 100M
 Heap Max Capacity: 2G
 Pre-touch: Disabled
 Parallel Workers: 13
Heap:
 PSYoungGen      total 9216K, used 8778K [0x00000000d5580000, 0x00000000d6080000, 0x0000000100000000)
  eden space 7168K, 100% used [0x00000000d5580000,0x00000000d5c80000,0x00000000d5c80000)
  from space 2048K, 78% used [0x00000000d5c80000,0x00000000d5e12830,0x00000000d5e80000)
  to   space 2048K, 53% used [0x00000000d5e80000,0x00000000d5f90000,0x00000000d6080000)
 ParOldGen       total 213504K, used 213498K [0x0000000080000000, 0x000000008d080000, 0x00000000d5580000)
  object space 213504K, 99% used [0x0000000080000000,0x000000008d07e948,0x000000008d080000)
 Metaspace       used 53685K, committed 54976K, reserved 1114112K
  class space    used 5625K, committed 6208K, reserved 1048576K
GC Heap History (20 events):
Event: 12.625 GC heap before
{Heap before GC invocations=98 (full 2):
 PSYoungGen      total 9728K, used 9500K [0x00000000d5580000, 0x00000000d6100000, 0x0000000100000000)
  eden space 7680K, 100% used [0x00000000d5580000,0x00000000d5d00000,0x00000000d5d00000)
  from space 2048K, 88% used [0x00000000d5d00000,0x00000000d5ec70a0,0x00000000d5f00000)
  to   space 2048K, 0% used [0x00000000d5f00000,0x00000000d5f00000,0x00000000d6100000)
 ParOldGen       total 197632K, used 197374K [0x0000000080000000, 0x000000008c100000, 0x00000000d5580000)
  object space 197632K, 99% used [0x0000000080000000,0x000000008c0bf9a0,0x000000008c100000)
 Metaspace       used 53122K, committed 54400K, reserved 1114112K
  class space    used 5572K, committed 6144K, reserved 1048576K
}
Event: 12.626 GC heap after
{Heap after GC invocations=98 (full 2):
 PSYoungGen      total 9728K, used 1784K [0x00000000d5580000, 0x00000000d6100000, 0x0000000100000000)
  eden space 7680K, 0% used [0x00000000d5580000,0x00000000d5580000,0x00000000d5d00000)
  from space 2048K, 87% used [0x00000000d5f00000,0x00000000d60be148,0x00000000d6100000)
  to   space 2048K, 0% used [0x00000000d5d00000,0x00000000d5d00000,0x00000000d5f00000)
 ParOldGen       total 199168K, used 198988K [0x0000000080000000, 0x000000008c280000, 0x00000000d5580000)
  object space 199168K, 99% used [0x0000000080000000,0x000000008c253238,0x000000008c280000)
 Metaspace       used 53122K, committed 54400K, reserved 1114112K
  class space    used 5572K, committed 6144K, reserved 1048576K
}
Event: 12.640 GC heap before
{Heap before GC invocations=99 (full 2):
 PSYoungGen      total 9728K, used 9438K [0x00000000d5580000, 0x00000000d6100000, 0x0000000100000000)
  eden space 7680K, 99% used [0x00000000d5580000,0x00000000d5cf9740,0x00000000d5d00000)
  from space 2048K, 87% used [0x00000000d5f00000,0x00000000d60be148,0x00000000d6100000)
  to   space 2048K, 0% used [0x00000000d5d00000,0x00000000d5d00000,0x00000000d5f00000)
 ParOldGen       total 199168K, used 198988K [0x0000000080000000, 0x000000008c280000, 0x00000000d5580000)
  object space 199168K, 99% used [0x0000000080000000,0x000000008c253238,0x000000008c280000)
 Metaspace       used 53149K, committed 54400K, reserved 1114112K
  class space    used 5579K, committed 6144K, reserved 1048576K
}
Event: 12.641 GC heap after
{Heap after GC invocations=99 (full 2):
 PSYoungGen      total 9728K, used 1689K [0x00000000d5580000, 0x00000000d6100000, 0x0000000100000000)
  eden space 7680K, 0% used [0x00000000d5580000,0x00000000d5580000,0x00000000d5d00000)
  from space 2048K, 82% used [0x00000000d5d00000,0x00000000d5ea64d0,0x00000000d5f00000)
  to   space 2048K, 0% used [0x00000000d5f00000,0x00000000d5f00000,0x00000000d6100000)
 ParOldGen       total 200704K, used 200509K [0x0000000080000000, 0x000000008c400000, 0x00000000d5580000)
  object space 200704K, 99% used [0x0000000080000000,0x000000008c3cf4d8,0x000000008c400000)
 Metaspace       used 53149K, committed 54400K, reserved 1114112K
  class space    used 5579K, committed 6144K, reserved 1048576K
}
Event: 12.659 GC heap before
{Heap before GC invocations=100 (full 2):
 PSYoungGen      total 9728K, used 9369K [0x00000000d5580000, 0x00000000d6100000, 0x0000000100000000)
  eden space 7680K, 100% used [0x00000000d5580000,0x00000000d5d00000,0x00000000d5d00000)
  from space 2048K, 82% used [0x00000000d5d00000,0x00000000d5ea64d0,0x00000000d5f00000)
  to   space 2048K, 0% used [0x00000000d5f00000,0x00000000d5f00000,0x00000000d6100000)
 ParOldGen       total 200704K, used 200509K [0x0000000080000000, 0x000000008c400000, 0x00000000d5580000)
  object space 200704K, 99% used [0x0000000080000000,0x000000008c3cf4d8,0x000000008c400000)
 Metaspace       used 53184K, committed 54464K, reserved 1114112K
  class space    used 5585K, committed 6144K, reserved 1048576K
}
Event: 12.661 GC heap after
{Heap after GC invocations=100 (full 2):
 PSYoungGen      total 9728K, used 1717K [0x00000000d5580000, 0x00000000d6100000, 0x0000000100000000)
  eden space 7680K, 0% used [0x00000000d5580000,0x00000000d5580000,0x00000000d5d00000)
  from space 2048K, 83% used [0x00000000d5f00000,0x00000000d60ad7d8,0x00000000d6100000)
  to   space 2048K, 0% used [0x00000000d5d00000,0x00000000d5d00000,0x00000000d5f00000)
 ParOldGen       total 202240K, used 201992K [0x0000000080000000, 0x000000008c580000, 0x00000000d5580000)
  object space 202240K, 99% used [0x0000000080000000,0x000000008c542170,0x000000008c580000)
 Metaspace       used 53184K, committed 54464K, reserved 1114112K
  class space    used 5585K, committed 6144K, reserved 1048576K
}
Event: 12.675 GC heap before
{Heap before GC invocations=101 (full 2):
 PSYoungGen      total 9728K, used 9397K [0x00000000d5580000, 0x00000000d6100000, 0x0000000100000000)
  eden space 7680K, 100% used [0x00000000d5580000,0x00000000d5d00000,0x00000000d5d00000)
  from space 2048K, 83% used [0x00000000d5f00000,0x00000000d60ad7d8,0x00000000d6100000)
  to   space 2048K, 0% used [0x00000000d5d00000,0x00000000d5d00000,0x00000000d5f00000)
 ParOldGen       total 202240K, used 201992K [0x0000000080000000, 0x000000008c580000, 0x00000000d5580000)
  object space 202240K, 99% used [0x0000000080000000,0x000000008c542170,0x000000008c580000)
 Metaspace       used 53262K, committed 54528K, reserved 1114112K
  class space    used 5589K, committed 6144K, reserved 1048576K
}
Event: 12.677 GC heap after
{Heap after GC invocations=101 (full 2):
 PSYoungGen      total 9728K, used 1616K [0x00000000d5580000, 0x00000000d6100000, 0x0000000100000000)
  eden space 7680K, 0% used [0x00000000d5580000,0x00000000d5580000,0x00000000d5d00000)
  from space 2048K, 78% used [0x00000000d5d00000,0x00000000d5e942f0,0x00000000d5f00000)
  to   space 2048K, 0% used [0x00000000d5f00000,0x00000000d5f00000,0x00000000d6100000)
 ParOldGen       total 203776K, used 203495K [0x0000000080000000, 0x000000008c700000, 0x00000000d5580000)
  object space 203776K, 99% used [0x0000000080000000,0x000000008c6b9de0,0x000000008c700000)
 Metaspace       used 53262K, committed 54528K, reserved 1114112K
  class space    used 5589K, committed 6144K, reserved 1048576K
}
Event: 12.691 GC heap before
{Heap before GC invocations=102 (full 2):
 PSYoungGen      total 9728K, used 9296K [0x00000000d5580000, 0x00000000d6100000, 0x0000000100000000)
  eden space 7680K, 99% used [0x00000000d5580000,0x00000000d5cfffc8,0x00000000d5d00000)
  from space 2048K, 78% used [0x00000000d5d00000,0x00000000d5e942f0,0x00000000d5f00000)
  to   space 2048K, 0% used [0x00000000d5f00000,0x00000000d5f00000,0x00000000d6100000)
 ParOldGen       total 203776K, used 203495K [0x0000000080000000, 0x000000008c700000, 0x00000000d5580000)
  object space 203776K, 99% used [0x0000000080000000,0x000000008c6b9de0,0x000000008c700000)
 Metaspace       used 53341K, committed 54592K, reserved 1114112K
  class space    used 5596K, committed 6144K, reserved 1048576K
}
Event: 12.693 GC heap after
{Heap after GC invocations=102 (full 2):
 PSYoungGen      total 9728K, used 1832K [0x00000000d5580000, 0x00000000d6100000, 0x0000000100000000)
  eden space 7680K, 0% used [0x00000000d5580000,0x00000000d5580000,0x00000000d5d00000)
  from space 2048K, 89% used [0x00000000d5f00000,0x00000000d60ca2e0,0x00000000d6100000)
  to   space 2048K, 0% used [0x00000000d5d00000,0x00000000d5d00000,0x00000000d5f00000)
 ParOldGen       total 205312K, used 204989K [0x0000000080000000, 0x000000008c880000, 0x00000000d5580000)
  object space 205312K, 99% used [0x0000000080000000,0x000000008c82f4d0,0x000000008c880000)
 Metaspace       used 53341K, committed 54592K, reserved 1114112K
  class space    used 5596K, committed 6144K, reserved 1048576K
}
Event: 12.705 GC heap before
{Heap before GC invocations=103 (full 2):
 PSYoungGen      total 9728K, used 9421K [0x00000000d5580000, 0x00000000d6100000, 0x0000000100000000)
  eden space 7680K, 98% used [0x00000000d5580000,0x00000000d5ce91d8,0x00000000d5d00000)
  from space 2048K, 89% used [0x00000000d5f00000,0x00000000d60ca2e0,0x00000000d6100000)
  to   space 2048K, 0% used [0x00000000d5d00000,0x00000000d5d00000,0x00000000d5f00000)
 ParOldGen       total 205312K, used 204989K [0x0000000080000000, 0x000000008c880000, 0x00000000d5580000)
  object space 205312K, 99% used [0x0000000080000000,0x000000008c82f4d0,0x000000008c880000)
 Metaspace       used 53425K, committed 54656K, reserved 1114112K
  class space    used 5603K, committed 6144K, reserved 1048576K
}
Event: 12.706 GC heap after
{Heap after GC invocations=103 (full 2):
 PSYoungGen      total 9728K, used 1985K [0x00000000d5580000, 0x00000000d6100000, 0x0000000100000000)
  eden space 7680K, 0% used [0x00000000d5580000,0x00000000d5580000,0x00000000d5d00000)
  from space 2048K, 96% used [0x00000000d5d00000,0x00000000d5ef04d0,0x00000000d5f00000)
  to   space 2048K, 0% used [0x00000000d5f00000,0x00000000d5f00000,0x00000000d6100000)
 ParOldGen       total 206848K, used 206480K [0x0000000080000000, 0x000000008ca00000, 0x00000000d5580000)
  object space 206848K, 99% used [0x0000000080000000,0x000000008c9a4108,0x000000008ca00000)
 Metaspace       used 53425K, committed 54656K, reserved 1114112K
  class space    used 5603K, committed 6144K, reserved 1048576K
}
Event: 12.718 GC heap before
{Heap before GC invocations=104 (full 2):
 PSYoungGen      total 9728K, used 9665K [0x00000000d5580000, 0x00000000d6100000, 0x0000000100000000)
  eden space 7680K, 100% used [0x00000000d5580000,0x00000000d5d00000,0x00000000d5d00000)
  from space 2048K, 96% used [0x00000000d5d00000,0x00000000d5ef04d0,0x00000000d5f00000)
  to   space 2048K, 0% used [0x00000000d5f00000,0x00000000d5f00000,0x00000000d6100000)
 ParOldGen       total 206848K, used 206480K [0x0000000080000000, 0x000000008ca00000, 0x00000000d5580000)
  object space 206848K, 99% used [0x0000000080000000,0x000000008c9a4108,0x000000008ca00000)
 Metaspace       used 53475K, committed 54784K, reserved 1114112K
  class space    used 5609K, committed 6208K, reserved 1048576K
}
Event: 12.719 GC heap after
{Heap after GC invocations=104 (full 2):
 PSYoungGen      total 9216K, used 2046K [0x00000000d5580000, 0x00000000d6200000, 0x0000000100000000)
  eden space 7168K, 0% used [0x00000000d5580000,0x00000000d5580000,0x00000000d5c80000)
  from space 2048K, 99% used [0x00000000d5f00000,0x00000000d60ff930,0x00000000d6100000)
  to   space 2560K, 0% used [0x00000000d5c80000,0x00000000d5c80000,0x00000000d5f00000)
 ParOldGen       total 208384K, used 208091K [0x0000000080000000, 0x000000008cb80000, 0x00000000d5580000)
  object space 208384K, 99% used [0x0000000080000000,0x000000008cb36eb8,0x000000008cb80000)
 Metaspace       used 53475K, committed 54784K, reserved 1114112K
  class space    used 5609K, committed 6208K, reserved 1048576K
}
Event: 12.734 GC heap before
{Heap before GC invocations=105 (full 2):
 PSYoungGen      total 9216K, used 9214K [0x00000000d5580000, 0x00000000d6200000, 0x0000000100000000)
  eden space 7168K, 100% used [0x00000000d5580000,0x00000000d5c80000,0x00000000d5c80000)
  from space 2048K, 99% used [0x00000000d5f00000,0x00000000d60ff930,0x00000000d6100000)
  to   space 2560K, 0% used [0x00000000d5c80000,0x00000000d5c80000,0x00000000d5f00000)
 ParOldGen       total 208384K, used 208091K [0x0000000080000000, 0x000000008cb80000, 0x00000000d5580000)
  object space 208384K, 99% used [0x0000000080000000,0x000000008cb36eb8,0x000000008cb80000)
 Metaspace       used 53504K, committed 54784K, reserved 1114112K
  class space    used 5613K, committed 6208K, reserved 1048576K
}
Event: 12.735 GC heap after
{Heap after GC invocations=105 (full 2):
 PSYoungGen      total 9216K, used 1796K [0x00000000d5580000, 0x00000000d6080000, 0x0000000100000000)
  eden space 7168K, 0% used [0x00000000d5580000,0x00000000d5580000,0x00000000d5c80000)
  from space 2048K, 87% used [0x00000000d5c80000,0x00000000d5e41228,0x00000000d5e80000)
  to   space 2048K, 0% used [0x00000000d5e80000,0x00000000d5e80000,0x00000000d6080000)
 ParOldGen       total 209920K, used 209918K [0x0000000080000000, 0x000000008cd00000, 0x00000000d5580000)
  object space 209920K, 99% used [0x0000000080000000,0x000000008ccffab8,0x000000008cd00000)
 Metaspace       used 53504K, committed 54784K, reserved 1114112K
  class space    used 5613K, committed 6208K, reserved 1048576K
}
Event: 12.746 GC heap before
{Heap before GC invocations=106 (full 2):
 PSYoungGen      total 9216K, used 8964K [0x00000000d5580000, 0x00000000d6080000, 0x0000000100000000)
  eden space 7168K, 100% used [0x00000000d5580000,0x00000000d5c80000,0x00000000d5c80000)
  from space 2048K, 87% used [0x00000000d5c80000,0x00000000d5e41228,0x00000000d5e80000)
  to   space 2048K, 0% used [0x00000000d5e80000,0x00000000d5e80000,0x00000000d6080000)
 ParOldGen       total 209920K, used 209918K [0x0000000080000000, 0x000000008cd00000, 0x00000000d5580000)
  object space 209920K, 99% used [0x0000000080000000,0x000000008ccffab8,0x000000008cd00000)
 Metaspace       used 53541K, committed 54848K, reserved 1114112K
  class space    used 5619K, committed 6208K, reserved 1048576K
}
Event: 12.747 GC heap after
{Heap after GC invocations=106 (full 2):
 PSYoungGen      total 9216K, used 1589K [0x00000000d5580000, 0x00000000d6080000, 0x0000000100000000)
  eden space 7168K, 0% used [0x00000000d5580000,0x00000000d5580000,0x00000000d5c80000)
  from space 2048K, 77% used [0x00000000d5e80000,0x00000000d600d428,0x00000000d6080000)
  to   space 2048K, 0% used [0x00000000d5c80000,0x00000000d5c80000,0x00000000d5e80000)
 ParOldGen       total 211968K, used 211461K [0x0000000080000000, 0x000000008cf00000, 0x00000000d5580000)
  object space 211968K, 99% used [0x0000000080000000,0x000000008ce816c0,0x000000008cf00000)
 Metaspace       used 53541K, committed 54848K, reserved 1114112K
  class space    used 5619K, committed 6208K, reserved 1048576K
}
Event: 12.761 GC heap before
{Heap before GC invocations=107 (full 2):
 PSYoungGen      total 9216K, used 8757K [0x00000000d5580000, 0x00000000d6080000, 0x0000000100000000)
  eden space 7168K, 99% used [0x00000000d5580000,0x00000000d5c7ffe8,0x00000000d5c80000)
  from space 2048K, 77% used [0x00000000d5e80000,0x00000000d600d428,0x00000000d6080000)
  to   space 2048K, 0% used [0x00000000d5c80000,0x00000000d5c80000,0x00000000d5e80000)
 ParOldGen       total 211968K, used 211461K [0x0000000080000000, 0x000000008cf00000, 0x00000000d5580000)
  object space 211968K, 99% used [0x0000000080000000,0x000000008ce816c0,0x000000008cf00000)
 Metaspace       used 53580K, committed 54848K, reserved 1114112K
  class space    used 5623K, committed 6208K, reserved 1048576K
}
Event: 12.762 GC heap after
{Heap after GC invocations=107 (full 2):
 PSYoungGen      total 9216K, used 1610K [0x00000000d5580000, 0x00000000d6080000, 0x0000000100000000)
  eden space 7168K, 0% used [0x00000000d5580000,0x00000000d5580000,0x00000000d5c80000)
  from space 2048K, 78% used [0x00000000d5c80000,0x00000000d5e12830,0x00000000d5e80000)
  to   space 2048K, 0% used [0x00000000d5e80000,0x00000000d5e80000,0x00000000d6080000)
 ParOldGen       total 212992K, used 212874K [0x0000000080000000, 0x000000008d000000, 0x00000000d5580000)
  object space 212992K, 99% used [0x0000000080000000,0x000000008cfe2a60,0x000000008d000000)
 Metaspace       used 53580K, committed 54848K, reserved 1114112K
  class space    used 5623K, committed 6208K, reserved 1048576K
}

