# JRE version: OpenJDK Runtime Environment Temurin-21.0.7+6 (21.0.7+6) (build 21.0.7+6-LTS)
# Java VM: OpenJDK 64-Bit Server VM Temurin-21.0.7+6 (21.0.7+6-LTS, mixed mode, sharing, tiered, compressed oops, compressed class ptrs, parallel gc, windows-amd64)
GC Precious Log:
 CardTable entry size: 512
 CPUs: 16 total, 16 available
 Memory: 15556M
 Large Page Support: Disabled
 NUMA Support: Disabled
 Compressed Oops: Enabled (32-bit)
 Alignments: Space 512K, Generation 512K, Heap 2M
 Heap Min Capacity: 100M
 Heap Initial Capacity: 100M
 Heap Max Capacity: 2G
 Pre-touch: Disabled
 Parallel Workers: 13
Heap:
 PSYoungGen      total 8704K, used 6211K [0x00000000d5580000, 0x00000000d6180000, 0x0000000100000000)
  eden space 6656K, 68% used [0x00000000d5580000,0x00000000d5a0c0a0,0x00000000d5c00000)
  from space 2048K, 81% used [0x00000000d5c00000,0x00000000d5da1690,0x00000000d5e00000)
  to   space 2048K, 0% used [0x00000000d5f80000,0x00000000d5f80000,0x00000000d6180000)
 ParOldGen       total 132608K, used 132209K [0x0000000080000000, 0x0000000088180000, 0x00000000d5580000)
  object space 132608K, 99% used [0x0000000080000000,0x000000008811c7d8,0x0000000088180000)
 Metaspace       used 48927K, committed 50176K, reserved 1114112K
  class space    used 5114K, committed 5696K, reserved 1048576K
GC Heap History (20 events):
Event: 7.149 GC heap after
{Heap after GC invocations=58 (full 2):
 PSYoungGen      total 8704K, used 1724K [0x00000000d5580000, 0x00000000d6100000, 0x0000000100000000)
  eden space 6656K, 0% used [0x00000000d5580000,0x00000000d5580000,0x00000000d5c00000)
  from space 2048K, 84% used [0x00000000d5f00000,0x00000000d60af3c8,0x00000000d6100000)
  to   space 2048K, 0% used [0x00000000d5c00000,0x00000000d5c00000,0x00000000d5e00000)
 ParOldGen       total 116736K, used 116478K [0x0000000080000000, 0x0000000087200000, 0x00000000d5580000)
  object space 116736K, 99% used [0x0000000080000000,0x00000000871bf9a0,0x0000000087200000)
 Metaspace       used 48008K, committed 49280K, reserved 1114112K
  class space    used 4993K, committed 5568K, reserved 1048576K
}
Event: 7.172 GC heap before
{Heap before GC invocations=59 (full 2):
 PSYoungGen      total 8704K, used 8380K [0x00000000d5580000, 0x00000000d6100000, 0x0000000100000000)
  eden space 6656K, 100% used [0x00000000d5580000,0x00000000d5c00000,0x00000000d5c00000)
  from space 2048K, 84% used [0x00000000d5f00000,0x00000000d60af3c8,0x00000000d6100000)
  to   space 2048K, 0% used [0x00000000d5c00000,0x00000000d5c00000,0x00000000d5e00000)
 ParOldGen       total 116736K, used 116478K [0x0000000080000000, 0x0000000087200000, 0x00000000d5580000)
  object space 116736K, 99% used [0x0000000080000000,0x00000000871bf9a0,0x0000000087200000)
 Metaspace       used 48090K, committed 49344K, reserved 1114112K
  class space    used 5004K, committed 5568K, reserved 1048576K
}
Event: 7.174 GC heap after
{Heap after GC invocations=59 (full 2):
 PSYoungGen      total 8704K, used 1725K [0x00000000d5580000, 0x00000000d6000000, 0x0000000100000000)
  eden space 6656K, 0% used [0x00000000d5580000,0x00000000d5580000,0x00000000d5c00000)
  from space 2048K, 84% used [0x00000000d5c00000,0x00000000d5daf7c0,0x00000000d5e00000)
  to   space 2048K, 0% used [0x00000000d5e00000,0x00000000d5e00000,0x00000000d6000000)
 ParOldGen       total 118272K, used 117959K [0x0000000080000000, 0x0000000087380000, 0x00000000d5580000)
  object space 118272K, 99% used [0x0000000080000000,0x0000000087331ff0,0x0000000087380000)
 Metaspace       used 48090K, committed 49344K, reserved 1114112K
  class space    used 5004K, committed 5568K, reserved 1048576K
}
Event: 7.200 GC heap before
{Heap before GC invocations=60 (full 2):
 PSYoungGen      total 8704K, used 8381K [0x00000000d5580000, 0x00000000d6000000, 0x0000000100000000)
  eden space 6656K, 100% used [0x00000000d5580000,0x00000000d5c00000,0x00000000d5c00000)
  from space 2048K, 84% used [0x00000000d5c00000,0x00000000d5daf7c0,0x00000000d5e00000)
  to   space 2048K, 0% used [0x00000000d5e00000,0x00000000d5e00000,0x00000000d6000000)
 ParOldGen       total 118272K, used 117959K [0x0000000080000000, 0x0000000087380000, 0x00000000d5580000)
  object space 118272K, 99% used [0x0000000080000000,0x0000000087331ff0,0x0000000087380000)
 Metaspace       used 48143K, committed 49408K, reserved 1114112K
  class space    used 5013K, committed 5568K, reserved 1048576K
}
Event: 7.202 GC heap after
{Heap after GC invocations=60 (full 2):
 PSYoungGen      total 8704K, used 1620K [0x00000000d5580000, 0x00000000d6000000, 0x0000000100000000)
  eden space 6656K, 0% used [0x00000000d5580000,0x00000000d5580000,0x00000000d5c00000)
  from space 2048K, 79% used [0x00000000d5e00000,0x00000000d5f95198,0x00000000d6000000)
  to   space 2048K, 0% used [0x00000000d5c00000,0x00000000d5c00000,0x00000000d5e00000)
 ParOldGen       total 119808K, used 119465K [0x0000000080000000, 0x0000000087500000, 0x00000000d5580000)
  object space 119808K, 99% used [0x0000000080000000,0x00000000874aa758,0x0000000087500000)
 Metaspace       used 48143K, committed 49408K, reserved 1114112K
  class space    used 5013K, committed 5568K, reserved 1048576K
}
Event: 7.224 GC heap before
{Heap before GC invocations=61 (full 2):
 PSYoungGen      total 8704K, used 8268K [0x00000000d5580000, 0x00000000d6000000, 0x0000000100000000)
  eden space 6656K, 99% used [0x00000000d5580000,0x00000000d5bfe168,0x00000000d5c00000)
  from space 2048K, 79% used [0x00000000d5e00000,0x00000000d5f95198,0x00000000d6000000)
  to   space 2048K, 0% used [0x00000000d5c00000,0x00000000d5c00000,0x00000000d5e00000)
 ParOldGen       total 119808K, used 119465K [0x0000000080000000, 0x0000000087500000, 0x00000000d5580000)
  object space 119808K, 99% used [0x0000000080000000,0x00000000874aa758,0x0000000087500000)
 Metaspace       used 48261K, committed 49536K, reserved 1114112K
  class space    used 5031K, committed 5632K, reserved 1048576K
}
Event: 7.226 GC heap after
{Heap after GC invocations=61 (full 2):
 PSYoungGen      total 8704K, used 1567K [0x00000000d5580000, 0x00000000d6000000, 0x0000000100000000)
  eden space 6656K, 0% used [0x00000000d5580000,0x00000000d5580000,0x00000000d5c00000)
  from space 2048K, 76% used [0x00000000d5c00000,0x00000000d5d87e30,0x00000000d5e00000)
  to   space 2048K, 0% used [0x00000000d5e00000,0x00000000d5e00000,0x00000000d6000000)
 ParOldGen       total 121344K, used 120922K [0x0000000080000000, 0x0000000087680000, 0x00000000d5580000)
  object space 121344K, 99% used [0x0000000080000000,0x0000000087616a50,0x0000000087680000)
 Metaspace       used 48261K, committed 49536K, reserved 1114112K
  class space    used 5031K, committed 5632K, reserved 1048576K
}
Event: 7.247 GC heap before
{Heap before GC invocations=62 (full 2):
 PSYoungGen      total 8704K, used 8223K [0x00000000d5580000, 0x00000000d6000000, 0x0000000100000000)
  eden space 6656K, 100% used [0x00000000d5580000,0x00000000d5c00000,0x00000000d5c00000)
  from space 2048K, 76% used [0x00000000d5c00000,0x00000000d5d87e30,0x00000000d5e00000)
  to   space 2048K, 0% used [0x00000000d5e00000,0x00000000d5e00000,0x00000000d6000000)
 ParOldGen       total 121344K, used 120922K [0x0000000080000000, 0x0000000087680000, 0x00000000d5580000)
  object space 121344K, 99% used [0x0000000080000000,0x0000000087616a50,0x0000000087680000)
 Metaspace       used 48342K, committed 49600K, reserved 1114112K
  class space    used 5045K, committed 5632K, reserved 1048576K
}
Event: 7.248 GC heap after
{Heap after GC invocations=62 (full 2):
 PSYoungGen      total 8704K, used 1579K [0x00000000d5580000, 0x00000000d6000000, 0x0000000100000000)
  eden space 6656K, 0% used [0x00000000d5580000,0x00000000d5580000,0x00000000d5c00000)
  from space 2048K, 77% used [0x00000000d5e00000,0x00000000d5f8ae98,0x00000000d6000000)
  to   space 2048K, 0% used [0x00000000d5c00000,0x00000000d5c00000,0x00000000d5e00000)
 ParOldGen       total 122368K, used 122298K [0x0000000080000000, 0x0000000087780000, 0x00000000d5580000)
  object space 122368K, 99% used [0x0000000080000000,0x000000008776eb08,0x0000000087780000)
 Metaspace       used 48342K, committed 49600K, reserved 1114112K
  class space    used 5045K, committed 5632K, reserved 1048576K
}
Event: 7.267 GC heap before
{Heap before GC invocations=63 (full 2):
 PSYoungGen      total 8704K, used 8235K [0x00000000d5580000, 0x00000000d6000000, 0x0000000100000000)
  eden space 6656K, 100% used [0x00000000d5580000,0x00000000d5c00000,0x00000000d5c00000)
  from space 2048K, 77% used [0x00000000d5e00000,0x00000000d5f8ae98,0x00000000d6000000)
  to   space 2048K, 0% used [0x00000000d5c00000,0x00000000d5c00000,0x00000000d5e00000)
 ParOldGen       total 122368K, used 122298K [0x0000000080000000, 0x0000000087780000, 0x00000000d5580000)
  object space 122368K, 99% used [0x0000000080000000,0x000000008776eb08,0x0000000087780000)
 Metaspace       used 48396K, committed 49664K, reserved 1114112K
  class space    used 5054K, committed 5632K, reserved 1048576K
}
Event: 7.268 GC heap after
{Heap after GC invocations=63 (full 2):
 PSYoungGen      total 8704K, used 1676K [0x00000000d5580000, 0x00000000d6000000, 0x0000000100000000)
  eden space 6656K, 0% used [0x00000000d5580000,0x00000000d5580000,0x00000000d5c00000)
  from space 2048K, 81% used [0x00000000d5c00000,0x00000000d5da31a0,0x00000000d5e00000)
  to   space 2048K, 0% used [0x00000000d5e00000,0x00000000d5e00000,0x00000000d6000000)
 ParOldGen       total 123904K, used 123699K [0x0000000080000000, 0x0000000087900000, 0x00000000d5580000)
  object space 123904K, 99% used [0x0000000080000000,0x00000000878cccc8,0x0000000087900000)
 Metaspace       used 48396K, committed 49664K, reserved 1114112K
  class space    used 5054K, committed 5632K, reserved 1048576K
}
Event: 7.286 GC heap before
{Heap before GC invocations=64 (full 2):
 PSYoungGen      total 8704K, used 8332K [0x00000000d5580000, 0x00000000d6000000, 0x0000000100000000)
  eden space 6656K, 100% used [0x00000000d5580000,0x00000000d5c00000,0x00000000d5c00000)
  from space 2048K, 81% used [0x00000000d5c00000,0x00000000d5da31a0,0x00000000d5e00000)
  to   space 2048K, 0% used [0x00000000d5e00000,0x00000000d5e00000,0x00000000d6000000)
 ParOldGen       total 123904K, used 123699K [0x0000000080000000, 0x0000000087900000, 0x00000000d5580000)
  object space 123904K, 99% used [0x0000000080000000,0x00000000878cccc8,0x0000000087900000)
 Metaspace       used 48474K, committed 49728K, reserved 1114112K
  class space    used 5066K, committed 5632K, reserved 1048576K
}
Event: 7.287 GC heap after
{Heap after GC invocations=64 (full 2):
 PSYoungGen      total 8704K, used 1580K [0x00000000d5580000, 0x00000000d6000000, 0x0000000100000000)
  eden space 6656K, 0% used [0x00000000d5580000,0x00000000d5580000,0x00000000d5c00000)
  from space 2048K, 77% used [0x00000000d5e00000,0x00000000d5f8b048,0x00000000d6000000)
  to   space 2048K, 0% used [0x00000000d5c00000,0x00000000d5c00000,0x00000000d5e00000)
 ParOldGen       total 125440K, used 125112K [0x0000000080000000, 0x0000000087a80000, 0x00000000d5580000)
  object space 125440K, 99% used [0x0000000080000000,0x0000000087a2e130,0x0000000087a80000)
 Metaspace       used 48474K, committed 49728K, reserved 1114112K
  class space    used 5066K, committed 5632K, reserved 1048576K
}
Event: 7.312 GC heap before
{Heap before GC invocations=65 (full 2):
 PSYoungGen      total 8704K, used 8236K [0x00000000d5580000, 0x00000000d6000000, 0x0000000100000000)
  eden space 6656K, 100% used [0x00000000d5580000,0x00000000d5c00000,0x00000000d5c00000)
  from space 2048K, 77% used [0x00000000d5e00000,0x00000000d5f8b048,0x00000000d6000000)
  to   space 2048K, 0% used [0x00000000d5c00000,0x00000000d5c00000,0x00000000d5e00000)
 ParOldGen       total 125440K, used 125112K [0x0000000080000000, 0x0000000087a80000, 0x00000000d5580000)
  object space 125440K, 99% used [0x0000000080000000,0x0000000087a2e130,0x0000000087a80000)
 Metaspace       used 48564K, committed 49792K, reserved 1114112K
  class space    used 5069K, committed 5632K, reserved 1048576K
}
Event: 7.313 GC heap after
{Heap after GC invocations=65 (full 2):
 PSYoungGen      total 8704K, used 1846K [0x00000000d5580000, 0x00000000d6000000, 0x0000000100000000)
  eden space 6656K, 0% used [0x00000000d5580000,0x00000000d5580000,0x00000000d5c00000)
  from space 2048K, 90% used [0x00000000d5c00000,0x00000000d5dcd960,0x00000000d5e00000)
  to   space 2048K, 0% used [0x00000000d5e00000,0x00000000d5e00000,0x00000000d6000000)
 ParOldGen       total 126976K, used 126491K [0x0000000080000000, 0x0000000087c00000, 0x00000000d5580000)
  object space 126976K, 99% used [0x0000000080000000,0x0000000087b86fa8,0x0000000087c00000)
 Metaspace       used 48564K, committed 49792K, reserved 1114112K
  class space    used 5069K, committed 5632K, reserved 1048576K
}
Event: 7.330 GC heap before
{Heap before GC invocations=66 (full 2):
 PSYoungGen      total 8704K, used 8502K [0x00000000d5580000, 0x00000000d6000000, 0x0000000100000000)
  eden space 6656K, 100% used [0x00000000d5580000,0x00000000d5c00000,0x00000000d5c00000)
  from space 2048K, 90% used [0x00000000d5c00000,0x00000000d5dcd960,0x00000000d5e00000)
  to   space 2048K, 0% used [0x00000000d5e00000,0x00000000d5e00000,0x00000000d6000000)
 ParOldGen       total 126976K, used 126491K [0x0000000080000000, 0x0000000087c00000, 0x00000000d5580000)
  object space 126976K, 99% used [0x0000000080000000,0x0000000087b86fa8,0x0000000087c00000)
 Metaspace       used 48634K, committed 49856K, reserved 1114112K
  class space    used 5077K, committed 5632K, reserved 1048576K
}
Event: 7.331 GC heap after
{Heap after GC invocations=66 (full 2):
 PSYoungGen      total 8704K, used 1611K [0x00000000d5580000, 0x00000000d6000000, 0x0000000100000000)
  eden space 6656K, 0% used [0x00000000d5580000,0x00000000d5580000,0x00000000d5c00000)
  from space 2048K, 78% used [0x00000000d5e00000,0x00000000d5f92ef0,0x00000000d6000000)
  to   space 2048K, 0% used [0x00000000d5c00000,0x00000000d5c00000,0x00000000d5e00000)
 ParOldGen       total 128512K, used 128152K [0x0000000080000000, 0x0000000087d80000, 0x00000000d5580000)
  object space 128512K, 99% used [0x0000000080000000,0x0000000087d26150,0x0000000087d80000)
 Metaspace       used 48634K, committed 49856K, reserved 1114112K
  class space    used 5077K, committed 5632K, reserved 1048576K
}
Event: 7.353 GC heap before
{Heap before GC invocations=67 (full 2):
 PSYoungGen      total 8704K, used 8267K [0x00000000d5580000, 0x00000000d6000000, 0x0000000100000000)
  eden space 6656K, 100% used [0x00000000d5580000,0x00000000d5c00000,0x00000000d5c00000)
  from space 2048K, 78% used [0x00000000d5e00000,0x00000000d5f92ef0,0x00000000d6000000)
  to   space 2048K, 0% used [0x00000000d5c00000,0x00000000d5c00000,0x00000000d5e00000)
 ParOldGen       total 128512K, used 128152K [0x0000000080000000, 0x0000000087d80000, 0x00000000d5580000)
  object space 128512K, 99% used [0x0000000080000000,0x0000000087d26150,0x0000000087d80000)
 Metaspace       used 48732K, committed 49984K, reserved 1114112K
  class space    used 5085K, committed 5632K, reserved 1048576K
}
Event: 7.355 GC heap after
{Heap after GC invocations=67 (full 2):
 PSYoungGen      total 8704K, used 1583K [0x00000000d5580000, 0x00000000d6000000, 0x0000000100000000)
  eden space 6656K, 0% used [0x00000000d5580000,0x00000000d5580000,0x00000000d5c00000)
  from space 2048K, 77% used [0x00000000d5c00000,0x00000000d5d8bd60,0x00000000d5e00000)
  to   space 2048K, 0% used [0x00000000d5e00000,0x00000000d5e00000,0x00000000d6000000)
 ParOldGen       total 130048K, used 129630K [0x0000000080000000, 0x0000000087f00000, 0x00000000d5580000)
  object space 130048K, 99% used [0x0000000080000000,0x0000000087e97b88,0x0000000087f00000)
 Metaspace       used 48732K, committed 49984K, reserved 1114112K
  class space    used 5085K, committed 5632K, reserved 1048576K
}
Event: 7.376 GC heap before
{Heap before GC invocations=68 (full 2):
 PSYoungGen      total 8704K, used 8239K [0x00000000d5580000, 0x00000000d6000000, 0x0000000100000000)
  eden space 6656K, 100% used [0x00000000d5580000,0x00000000d5c00000,0x00000000d5c00000)
  from space 2048K, 77% used [0x00000000d5c00000,0x00000000d5d8bd60,0x00000000d5e00000)
  to   space 2048K, 0% used [0x00000000d5e00000,0x00000000d5e00000,0x00000000d6000000)
 ParOldGen       total 130048K, used 129630K [0x0000000080000000, 0x0000000087f00000, 0x00000000d5580000)
  object space 130048K, 99% used [0x0000000080000000,0x0000000087e97b88,0x0000000087f00000)
 Metaspace       used 48872K, committed 50048K, reserved 1114112K
  class space    used 5107K, committed 5632K, reserved 1048576K
}

